<?xml version="1.0" ?>
<!DOCTYPE coverage SYSTEM "http://cobertura.sourceforge.net/xml/coverage-04.dtd">
<coverage lines-valid="1308" lines-covered="1308" line-rate="1" branches-valid="381" branches-covered="381" branch-rate="1" timestamp="1639424759369" complexity="0" version="0.1">
  <sources>
    <source>C:\Users\antoi\Desktop\Coding\git\log2990-102\server</source>
  </sources>
  <packages>
    <package name="classes" line-rate="1" branch-rate="1">
      <classes>
        <class name="http.exception.ts" filename="app\classes\http.exception.ts" line-rate="1" branch-rate="1">
          <methods>
            <method name="(anonymous_0)" hits="1" signature="()V">
              <lines>
                <line number="4" hits="1"/>
              </lines>
            </method>
          </methods>
          <lines>
            <line number="1" hits="1" branch="false"/>
            <line number="3" hits="1" branch="false"/>
            <line number="4" hits="1" branch="true" condition-coverage="100% (1/1)"/>
            <line number="5" hits="1" branch="false"/>
            <line number="6" hits="1" branch="false"/>
          </lines>
        </class>
      </classes>
    </package>
    <package name="classes.constants" line-rate="1" branch-rate="1">
      <classes>
        <class name="constants.ts" filename="app\classes\constants\constants.ts" line-rate="1" branch-rate="1">
          <methods>
            <method name="(anonymous_0)" hits="23" signature="()V">
              <lines>
                <line number="11" hits="23"/>
              </lines>
            </method>
            <method name="(anonymous_1)" hits="11" signature="()V">
              <lines>
                <line number="44" hits="11"/>
              </lines>
            </method>
            <method name="(anonymous_2)" hits="556200" signature="()V">
              <lines>
                <line number="85" hits="556200"/>
              </lines>
            </method>
            <method name="(anonymous_3)" hits="1129" signature="()V">
              <lines>
                <line number="88" hits="1129"/>
              </lines>
            </method>
            <method name="(anonymous_4)" hits="754" signature="()V">
              <lines>
                <line number="91" hits="754"/>
              </lines>
            </method>
            <method name="(anonymous_5)" hits="565" signature="()V">
              <lines>
                <line number="94" hits="565"/>
              </lines>
            </method>
            <method name="(anonymous_6)" hits="378" signature="()V">
              <lines>
                <line number="97" hits="378"/>
              </lines>
            </method>
            <method name="(anonymous_7)" hits="48" signature="()V">
              <lines>
                <line number="100" hits="48"/>
              </lines>
            </method>
          </methods>
          <lines>
            <line number="3" hits="1" branch="false"/>
            <line number="4" hits="1" branch="false"/>
            <line number="10" hits="1" branch="false"/>
            <line number="12" hits="23" branch="false"/>
            <line number="25" hits="1" branch="false"/>
            <line number="26" hits="1" branch="false"/>
            <line number="27" hits="1" branch="false"/>
            <line number="28" hits="1" branch="false"/>
            <line number="29" hits="1" branch="false"/>
            <line number="31" hits="1" branch="false"/>
            <line number="33" hits="1" branch="false"/>
            <line number="43" hits="1" branch="false"/>
            <line number="45" hits="11" branch="false"/>
            <line number="49" hits="1" branch="false"/>
            <line number="52" hits="1" branch="false"/>
            <line number="61" hits="1" branch="false"/>
            <line number="62" hits="1" branch="false"/>
            <line number="63" hits="1" branch="false"/>
            <line number="64" hits="1" branch="false"/>
            <line number="65" hits="1" branch="false"/>
            <line number="66" hits="1" branch="false"/>
            <line number="67" hits="1" branch="false"/>
            <line number="72" hits="1" branch="false"/>
            <line number="73" hits="1" branch="false"/>
            <line number="75" hits="1" branch="false"/>
            <line number="76" hits="1" branch="false"/>
            <line number="77" hits="1" branch="false"/>
            <line number="78" hits="1" branch="false"/>
            <line number="79" hits="1" branch="false"/>
            <line number="80" hits="1" branch="false"/>
            <line number="81" hits="1" branch="false"/>
            <line number="82" hits="1" branch="false"/>
            <line number="84" hits="1" branch="false"/>
            <line number="86" hits="556200" branch="false"/>
            <line number="89" hits="1129" branch="false"/>
            <line number="92" hits="754" branch="false"/>
            <line number="95" hits="565" branch="false"/>
            <line number="98" hits="378" branch="false"/>
            <line number="101" hits="48" branch="false"/>
            <line number="105" hits="1" branch="false"/>
            <line number="109" hits="1" branch="false"/>
            <line number="177" hits="1" branch="false"/>
            <line number="178" hits="1" branch="false"/>
            <line number="180" hits="1" branch="false"/>
            <line number="182" hits="1" branch="false"/>
            <line number="184" hits="1" branch="false"/>
            <line number="185" hits="1" branch="false"/>
            <line number="186" hits="1" branch="false"/>
            <line number="187" hits="1" branch="false"/>
            <line number="188" hits="1" branch="false"/>
            <line number="190" hits="1" branch="false"/>
            <line number="205" hits="1" branch="false"/>
            <line number="219" hits="1" branch="false"/>
            <line number="221" hits="1" branch="false"/>
            <line number="249" hits="1" branch="false"/>
            <line number="277" hits="1" branch="false"/>
          </lines>
        </class>
      </classes>
    </package>
    <package name="classes.enums" line-rate="1" branch-rate="1">
      <classes>
        <class name="axis.ts" filename="app\classes\enums\axis.ts" line-rate="1" branch-rate="1">
          <methods>
            <method name="(anonymous_0)" hits="1" signature="()V">
              <lines>
                <line number="1" hits="1"/>
              </lines>
            </method>
          </methods>
          <lines>
            <line number="1" hits="1" branch="true" condition-coverage="100% (2/2)"/>
            <line number="2" hits="1" branch="false"/>
            <line number="3" hits="1" branch="false"/>
          </lines>
        </class>
        <class name="board-game-enums.ts" filename="app\classes\enums\board-game-enums.ts" line-rate="1" branch-rate="1">
          <methods>
            <method name="(anonymous_0)" hits="1" signature="()V">
              <lines>
                <line number="1" hits="1"/>
              </lines>
            </method>
            <method name="(anonymous_1)" hits="1" signature="()V">
              <lines>
                <line number="13" hits="1"/>
              </lines>
            </method>
            <method name="(anonymous_2)" hits="1" signature="()V">
              <lines>
                <line number="24" hits="1"/>
              </lines>
            </method>
            <method name="(anonymous_3)" hits="1" signature="()V">
              <lines>
                <line number="32" hits="1"/>
              </lines>
            </method>
            <method name="(anonymous_4)" hits="1" signature="()V">
              <lines>
                <line number="40" hits="1"/>
              </lines>
            </method>
          </methods>
          <lines>
            <line number="1" hits="1" branch="true" condition-coverage="100% (2/2)"/>
            <line number="2" hits="1" branch="false"/>
            <line number="3" hits="1" branch="false"/>
            <line number="4" hits="1" branch="false"/>
            <line number="5" hits="1" branch="false"/>
            <line number="6" hits="1" branch="false"/>
            <line number="7" hits="1" branch="false"/>
            <line number="8" hits="1" branch="false"/>
            <line number="9" hits="1" branch="false"/>
            <line number="10" hits="1" branch="false"/>
            <line number="13" hits="1" branch="true" condition-coverage="100% (2/2)"/>
            <line number="14" hits="1" branch="false"/>
            <line number="15" hits="1" branch="false"/>
            <line number="16" hits="1" branch="false"/>
            <line number="17" hits="1" branch="false"/>
            <line number="18" hits="1" branch="false"/>
            <line number="19" hits="1" branch="false"/>
            <line number="20" hits="1" branch="false"/>
            <line number="21" hits="1" branch="false"/>
            <line number="24" hits="1" branch="true" condition-coverage="100% (2/2)"/>
            <line number="25" hits="1" branch="false"/>
            <line number="26" hits="1" branch="false"/>
            <line number="27" hits="1" branch="false"/>
            <line number="28" hits="1" branch="false"/>
            <line number="29" hits="1" branch="false"/>
            <line number="32" hits="1" branch="true" condition-coverage="100% (2/2)"/>
            <line number="33" hits="1" branch="false"/>
            <line number="34" hits="1" branch="false"/>
            <line number="35" hits="1" branch="false"/>
            <line number="36" hits="1" branch="false"/>
            <line number="37" hits="1" branch="false"/>
            <line number="40" hits="1" branch="true" condition-coverage="100% (2/2)"/>
            <line number="41" hits="1" branch="false"/>
            <line number="42" hits="1" branch="false"/>
          </lines>
        </class>
        <class name="objective-descriptions.ts" filename="app\classes\enums\objective-descriptions.ts" line-rate="1" branch-rate="1">
          <methods>
            <method name="(anonymous_0)" hits="1" signature="()V">
              <lines>
                <line number="3" hits="1"/>
              </lines>
            </method>
          </methods>
          <lines>
            <line number="3" hits="1" branch="true" condition-coverage="100% (2/2)"/>
            <line number="4" hits="1" branch="false"/>
            <line number="5" hits="1" branch="false"/>
            <line number="6" hits="1" branch="false"/>
            <line number="7" hits="1" branch="false"/>
            <line number="8" hits="1" branch="false"/>
            <line number="9" hits="1" branch="false"/>
            <line number="10" hits="1" branch="false"/>
            <line number="11" hits="1" branch="false"/>
          </lines>
        </class>
      </classes>
    </package>
    <package name="services" line-rate="1" branch-rate="1">
      <classes>
        <class name="active-player.service.ts" filename="app\services\active-player.service.ts" line-rate="1" branch-rate="1">
          <methods>
            <method name="(anonymous_2)" hits="2" signature="()V">
              <lines>
                <line number="12" hits="2"/>
              </lines>
            </method>
            <method name="(anonymous_3)" hits="6" signature="()V">
              <lines>
                <line number="14" hits="6"/>
              </lines>
            </method>
            <method name="(anonymous_4)" hits="3" signature="()V">
              <lines>
                <line number="29" hits="3"/>
              </lines>
            </method>
          </methods>
          <lines>
            <line number="2" hits="1" branch="false"/>
            <line number="3" hits="1" branch="false"/>
            <line number="6" hits="1" branch="false"/>
            <line number="7" hits="2" branch="false"/>
            <line number="8" hits="2" branch="false"/>
            <line number="9" hits="2" branch="false"/>
            <line number="10" hits="2" branch="false"/>
            <line number="12" hits="2" branch="false"/>
            <line number="15" hits="6" branch="true" condition-coverage="100% (2/2)"/>
            <line number="16" hits="6" branch="false"/>
            <line number="17" hits="6" branch="true" condition-coverage="100% (2/2)"/>
            <line number="18" hits="3" branch="false"/>
            <line number="19" hits="3" branch="false"/>
            <line number="20" hits="3" branch="true" condition-coverage="100% (2/2)"/>
            <line number="22" hits="3" branch="false"/>
            <line number="23" hits="3" branch="false"/>
            <line number="25" hits="3" branch="true" condition-coverage="100% (1/1)"/>
            <line number="30" hits="3" branch="true" condition-coverage="100% (2/2)"/>
            <line number="31" hits="1" branch="false"/>
            <line number="32" hits="1" branch="false"/>
            <line number="34" hits="2" branch="false"/>
            <line number="35" hits="2" branch="false"/>
          </lines>
        </class>
        <class name="change-letter.service.ts" filename="app\services\change-letter.service.ts" line-rate="1" branch-rate="1">
          <methods>
            <method name="(anonymous_2)" hits="2" signature="()V">
              <lines>
                <line number="15" hits="2"/>
              </lines>
            </method>
            <method name="(anonymous_3)" hits="4" signature="()V">
              <lines>
                <line number="21" hits="4"/>
              </lines>
            </method>
            <method name="(anonymous_4)" hits="2" signature="()V">
              <lines>
                <line number="40" hits="2"/>
              </lines>
            </method>
            <method name="(anonymous_5)" hits="4" signature="()V">
              <lines>
                <line number="44" hits="4"/>
              </lines>
            </method>
            <method name="(anonymous_6)" hits="4" signature="()V">
              <lines>
                <line number="58" hits="4"/>
              </lines>
            </method>
            <method name="(anonymous_7)" hits="7" signature="()V">
              <lines>
                <line number="75" hits="7"/>
              </lines>
            </method>
            <method name="(anonymous_8)" hits="6" signature="()V">
              <lines>
                <line number="107" hits="6"/>
              </lines>
            </method>
          </methods>
          <lines>
            <line number="1" hits="1" branch="false"/>
            <line number="4" hits="1" branch="false"/>
            <line number="7" hits="1" branch="false"/>
            <line number="8" hits="1" branch="false"/>
            <line number="9" hits="1" branch="false"/>
            <line number="14" hits="1" branch="false"/>
            <line number="16" hits="2" branch="false"/>
            <line number="17" hits="2" branch="false"/>
            <line number="18" hits="2" branch="false"/>
            <line number="23" hits="4" branch="true" condition-coverage="100% (1/1)"/>
            <line number="24" hits="1" branch="false"/>
            <line number="25" hits="1" branch="false"/>
            <line number="27" hits="3" branch="false"/>
            <line number="28" hits="3" branch="false"/>
            <line number="30" hits="3" branch="false"/>
            <line number="31" hits="3" branch="false"/>
            <line number="33" hits="3" branch="false"/>
            <line number="34" hits="3" branch="false"/>
            <line number="35" hits="3" branch="false"/>
            <line number="41" hits="2" branch="false"/>
            <line number="45" hits="4" branch="false"/>
            <line number="46" hits="4" branch="false"/>
            <line number="48" hits="4" branch="false"/>
            <line number="49" hits="9" branch="false"/>
            <line number="50" hits="9" branch="false"/>
            <line number="51" hits="9" branch="false"/>
            <line number="52" hits="9" branch="false"/>
            <line number="55" hits="4" branch="false"/>
            <line number="59" hits="4" branch="false"/>
            <line number="60" hits="4" branch="true" condition-coverage="100% (2/2)"/>
            <line number="61" hits="2" branch="false"/>
            <line number="62" hits="2" branch="false"/>
            <line number="64" hits="2" branch="false"/>
            <line number="65" hits="2" branch="false"/>
            <line number="66" hits="2" branch="false"/>
            <line number="68" hits="2" branch="false"/>
            <line number="69" hits="2" branch="false"/>
            <line number="70" hits="2" branch="false"/>
            <line number="77" hits="7" branch="true" condition-coverage="100% (4/4)"/>
            <line number="78" hits="2" branch="false"/>
            <line number="80" hits="5" branch="false"/>
            <line number="83" hits="5" branch="true" condition-coverage="100% (2/2)"/>
            <line number="84" hits="1" branch="false"/>
            <line number="88" hits="4" branch="false"/>
            <line number="89" hits="4" branch="false"/>
            <line number="90" hits="7" branch="true" condition-coverage="100% (4/4)"/>
            <line number="91" hits="1" branch="false"/>
            <line number="93" hits="6" branch="false"/>
            <line number="94" hits="6" branch="false"/>
            <line number="95" hits="6" branch="false"/>
            <line number="96" hits="14" branch="true" condition-coverage="100% (2/2)"/>
            <line number="97" hits="4" branch="false"/>
            <line number="98" hits="4" branch="false"/>
            <line number="99" hits="4" branch="false"/>
            <line number="100" hits="10" branch="false"/>
            <line number="102" hits="6" branch="true" condition-coverage="100% (2/2)"/>
            <line number="104" hits="1" branch="false"/>
            <line number="108" hits="6" branch="false"/>
            <line number="109" hits="6" branch="false"/>
            <line number="111" hits="12" branch="true" condition-coverage="100% (1/1)"/>
            <line number="112" hits="12" branch="false"/>
            <line number="114" hits="12" branch="true" condition-coverage="100% (1/1)"/>
            <line number="115" hits="10" branch="false"/>
            <line number="120" hits="6" branch="true" condition-coverage="100% (2/2)"/>
            <line number="122" hits="4" branch="false"/>
            <line number="123" hits="10" branch="false"/>
            <line number="125" hits="18" branch="true" condition-coverage="100% (1/1)"/>
            <line number="126" hits="10" branch="false"/>
            <line number="127" hits="10" branch="false"/>
            <line number="128" hits="10" branch="false"/>
          </lines>
        </class>
        <class name="dictionary-manager.service.ts" filename="app\services\dictionary-manager.service.ts" line-rate="1" branch-rate="1">
          <methods>
            <method name="(anonymous_2)" hits="1" signature="()V">
              <lines>
                <line number="14" hits="1"/>
              </lines>
            </method>
            <method name="(anonymous_3)" hits="19" signature="()V">
              <lines>
                <line number="18" hits="19"/>
              </lines>
            </method>
            <method name="(anonymous_4)" hits="2" signature="()V">
              <lines>
                <line number="29" hits="2"/>
              </lines>
            </method>
            <method name="(anonymous_5)" hits="2" signature="()V">
              <lines>
                <line number="38" hits="2"/>
              </lines>
            </method>
            <method name="(anonymous_6)" hits="3" signature="()V">
              <lines>
                <line number="57" hits="3"/>
              </lines>
            </method>
            <method name="(anonymous_7)" hits="2" signature="()V">
              <lines>
                <line number="65" hits="2"/>
              </lines>
            </method>
            <method name="(anonymous_8)" hits="2" signature="()V">
              <lines>
                <line number="75" hits="2"/>
              </lines>
            </method>
            <method name="(anonymous_9)" hits="1" signature="()V">
              <lines>
                <line number="80" hits="1"/>
              </lines>
            </method>
            <method name="(anonymous_10)" hits="1" signature="()V">
              <lines>
                <line number="85" hits="1"/>
              </lines>
            </method>
            <method name="(anonymous_11)" hits="5" signature="()V">
              <lines>
                <line number="90" hits="5"/>
              </lines>
            </method>
          </methods>
          <lines>
            <line number="3" hits="1" branch="false"/>
            <line number="6" hits="1" branch="false"/>
            <line number="10" hits="1" branch="false"/>
            <line number="11" hits="1" branch="false"/>
            <line number="12" hits="1" branch="false"/>
            <line number="15" hits="1" branch="false"/>
            <line number="19" hits="19" branch="false"/>
            <line number="20" hits="19" branch="false"/>
            <line number="21" hits="19" branch="false"/>
            <line number="22" hits="38" branch="false"/>
            <line number="23" hits="38" branch="true" condition-coverage="100% (2/2)"/>
            <line number="24" hits="19" branch="false"/>
            <line number="25" hits="19" branch="false"/>
            <line number="31" hits="2" branch="true" condition-coverage="100% (1/1)"/>
            <line number="33" hits="2" branch="false"/>
            <line number="34" hits="2" branch="false"/>
            <line number="35" hits="2" branch="false"/>
            <line number="39" hits="2" branch="false"/>
            <line number="40" hits="2" branch="false"/>
            <line number="42" hits="2" branch="true" condition-coverage="100% (2/2)"/>
            <line number="43" hits="1" branch="false"/>
            <line number="45" hits="1" branch="false"/>
            <line number="47" hits="1" branch="false"/>
            <line number="53" hits="1" branch="false"/>
            <line number="54" hits="1" branch="false"/>
            <line number="58" hits="3" branch="false"/>
            <line number="59" hits="3" branch="true" condition-coverage="100% (2/2)"/>
            <line number="60" hits="2" branch="false"/>
            <line number="61" hits="2" branch="false"/>
            <line number="62" hits="2" branch="false"/>
            <line number="66" hits="2" branch="false"/>
            <line number="67" hits="3" branch="true" condition-coverage="100% (2/2)"/>
            <line number="69" hits="2" branch="false"/>
            <line number="70" hits="2" branch="false"/>
            <line number="71" hits="2" branch="false"/>
            <line number="72" hits="2" branch="false"/>
            <line number="76" hits="2" branch="false"/>
            <line number="77" hits="2" branch="false"/>
            <line number="81" hits="1" branch="false"/>
            <line number="82" hits="1" branch="false"/>
            <line number="86" hits="1" branch="false"/>
            <line number="87" hits="1" branch="false"/>
            <line number="91" hits="5" branch="false"/>
            <line number="92" hits="7" branch="true" condition-coverage="100% (2/2)"/>
            <line number="94" hits="1" branch="false"/>
          </lines>
        </class>
        <class name="dictionary.service.ts" filename="app\services\dictionary.service.ts" line-rate="1" branch-rate="1">
          <methods>
            <method name="(anonymous_2)" hits="7" signature="()V">
              <lines>
                <line number="14" hits="7"/>
              </lines>
            </method>
            <method name="(anonymous_3)" hits="3" signature="()V">
              <lines>
                <line number="16" hits="3"/>
              </lines>
            </method>
            <method name="(anonymous_4)" hits="2" signature="()V">
              <lines>
                <line number="21" hits="2"/>
              </lines>
            </method>
            <method name="(anonymous_5)" hits="8" signature="()V">
              <lines>
                <line number="38" hits="8"/>
              </lines>
            </method>
            <method name="(anonymous_6)" hits="10" signature="()V">
              <lines>
                <line number="43" hits="10"/>
              </lines>
            </method>
          </methods>
          <lines>
            <line number="3" hits="1" branch="false"/>
            <line number="4" hits="1" branch="false"/>
            <line number="5" hits="1" branch="false"/>
            <line number="8" hits="1" branch="false"/>
            <line number="10" hits="7" branch="false"/>
            <line number="11" hits="7" branch="false"/>
            <line number="12" hits="7" branch="false"/>
            <line number="14" hits="7" branch="false"/>
            <line number="17" hits="3" branch="false"/>
            <line number="18" hits="3" branch="false"/>
            <line number="22" hits="2" branch="false"/>
            <line number="23" hits="805006" branch="false"/>
            <line number="25" hits="805006" branch="false"/>
            <line number="26" hits="8177736" branch="false"/>
            <line number="27" hits="8177736" branch="false"/>
            <line number="29" hits="8177736" branch="true" condition-coverage="100% (1/1)"/>
            <line number="30" hits="8177736" branch="false"/>
            <line number="32" hits="8177736" branch="true" condition-coverage="100% (3/3)"/>
            <line number="34" hits="805006" branch="false"/>
            <line number="39" hits="8" branch="false"/>
            <line number="40" hits="8" branch="false"/>
            <line number="44" hits="10" branch="false"/>
            <line number="45" hits="10" branch="false"/>
          </lines>
        </class>
        <class name="letter-reserve.service.ts" filename="app\services\letter-reserve.service.ts" line-rate="1" branch-rate="1">
          <methods>
            <method name="(anonymous_2)" hits="7" signature="()V">
              <lines>
                <line number="11" hits="7"/>
              </lines>
            </method>
            <method name="(anonymous_3)" hits="27" signature="()V">
              <lines>
                <line number="15" hits="27"/>
              </lines>
            </method>
            <method name="(anonymous_4)" hits="729" signature="()V">
              <lines>
                <line number="18" hits="729"/>
              </lines>
            </method>
            <method name="(anonymous_5)" hits="15" signature="()V">
              <lines>
                <line number="28" hits="15"/>
              </lines>
            </method>
            <method name="(anonymous_6)" hits="124" signature="()V">
              <lines>
                <line number="40" hits="124"/>
              </lines>
            </method>
            <method name="(anonymous_7)" hits="14" signature="()V">
              <lines>
                <line number="49" hits="14"/>
              </lines>
            </method>
            <method name="(anonymous_8)" hits="8177745" signature="()V">
              <lines>
                <line number="57" hits="8177745"/>
              </lines>
            </method>
            <method name="(anonymous_9)" hits="24" signature="()V">
              <lines>
                <line number="65" hits="24"/>
              </lines>
            </method>
            <method name="(anonymous_10)" hits="123" signature="()V">
              <lines>
                <line number="74" hits="123"/>
              </lines>
            </method>
            <method name="(anonymous_11)" hits="4" signature="()V">
              <lines>
                <line number="97" hits="4"/>
              </lines>
            </method>
          </methods>
          <lines>
            <line number="1" hits="1" branch="false"/>
            <line number="2" hits="1" branch="false"/>
            <line number="4" hits="1" branch="false"/>
            <line number="7" hits="1" branch="false"/>
            <line number="9" hits="7" branch="false"/>
            <line number="12" hits="7" branch="false"/>
            <line number="16" hits="27" branch="false"/>
            <line number="17" hits="27" branch="false"/>
            <line number="18" hits="27" branch="false"/>
            <line number="20" hits="729" branch="true" condition-coverage="100% (1/1)"/>
            <line number="21" hits="729" branch="false"/>
            <line number="22" hits="729" branch="false"/>
            <line number="23" hits="729" branch="false"/>
            <line number="29" hits="15" branch="false"/>
            <line number="30" hits="15" branch="true" condition-coverage="100% (2/2)"/>
            <line number="31" hits="105" branch="false"/>
            <line number="33" hits="105" branch="true" condition-coverage="100% (1/1)"/>
            <line number="34" hits="105" branch="false"/>
            <line number="37" hits="15" branch="false"/>
            <line number="42" hits="124" branch="true" condition-coverage="100% (1/1)"/>
            <line number="43" hits="124" branch="false"/>
            <line number="44" hits="124" branch="false"/>
            <line number="45" hits="124" branch="false"/>
            <line number="50" hits="14" branch="false"/>
            <line number="51" hits="14" branch="true" condition-coverage="100% (2/2)"/>
            <line number="52" hits="10" branch="false"/>
            <line number="54" hits="4" branch="false"/>
            <line number="58" hits="8177745" branch="false"/>
            <line number="59" hits="8177745" branch="true" condition-coverage="100% (2/2)"/>
            <line number="60" hits="8177744" branch="false"/>
            <line number="62" hits="1" branch="false"/>
            <line number="66" hits="24" branch="false"/>
            <line number="67" hits="24" branch="true" condition-coverage="100% (2/2)"/>
            <line number="68" hits="22" branch="false"/>
            <line number="69" hits="22" branch="false"/>
            <line number="70" hits="22" branch="false"/>
            <line number="79" hits="123" branch="false"/>
            <line number="80" hits="214" branch="false"/>
            <line number="81" hits="214" branch="false"/>
            <line number="82" hits="214" branch="false"/>
            <line number="83" hits="214" branch="true" condition-coverage="100% (2/2)"/>
            <line number="84" hits="1" branch="false"/>
            <line number="86" hits="213" branch="true" condition-coverage="100% (2/2)"/>
            <line number="88" hits="212" branch="true" condition-coverage="100% (1/1)"/>
            <line number="91" hits="122" branch="true" condition-coverage="100% (2/2)"/>
            <line number="92" hits="121" branch="false"/>
            <line number="93" hits="121" branch="false"/>
            <line number="94" hits="1" branch="false"/>
            <line number="98" hits="4" branch="false"/>
            <line number="99" hits="4" branch="false"/>
            <line number="100" hits="11" branch="false"/>
            <line number="102" hits="11" branch="true" condition-coverage="100% (1/1)"/>
            <line number="103" hits="11" branch="false"/>
            <line number="106" hits="4" branch="false"/>
          </lines>
        </class>
        <class name="name-database.service.ts" filename="app\services\name-database.service.ts" line-rate="1" branch-rate="1">
          <methods>
            <method name="(anonymous_9)" hits="31" signature="()V">
              <lines>
                <line number="19" hits="31"/>
              </lines>
            </method>
            <method name="(anonymous_10)" hits="31" signature="()V">
              <lines>
                <line number="22" hits="31"/>
              </lines>
            </method>
            <method name="(anonymous_11)" hits="15" signature="()V">
              <lines>
                <line number="33" hits="15"/>
              </lines>
            </method>
            <method name="(anonymous_13)" hits="9" signature="()V">
              <lines>
                <line number="39" hits="9"/>
              </lines>
            </method>
            <method name="(anonymous_15)" hits="3" signature="()V">
              <lines>
                <line number="49" hits="3"/>
              </lines>
            </method>
            <method name="(anonymous_17)" hits="3" signature="()V">
              <lines>
                <line number="58" hits="3"/>
              </lines>
            </method>
            <method name="(anonymous_19)" hits="3" signature="()V">
              <lines>
                <line number="67" hits="3"/>
              </lines>
            </method>
            <method name="(anonymous_21)" hits="2" signature="()V">
              <lines>
                <line number="76" hits="2"/>
              </lines>
            </method>
          </methods>
          <lines>
            <line number="1" hits="1" branch="false"/>
            <line number="3" hits="1" branch="false"/>
            <line number="4" hits="1" branch="false"/>
            <line number="6" hits="1" branch="false"/>
            <line number="7" hits="1" branch="false"/>
            <line number="8" hits="1" branch="false"/>
            <line number="9" hits="1" branch="false"/>
            <line number="12" hits="1" branch="false"/>
            <line number="17" hits="31" branch="false"/>
            <line number="20" hits="31" branch="false"/>
            <line number="22" hits="31" branch="false"/>
            <line number="23" hits="31" branch="true" condition-coverage="100% (2/2)"/>
            <line number="25" hits="26" branch="false"/>
            <line number="26" hits="26" branch="false"/>
            <line number="27" hits="26" branch="false"/>
            <line number="28" hits="26" branch="false"/>
            <line number="29" hits="26" branch="false"/>
            <line number="34" hits="15" branch="false"/>
            <line number="35" hits="15" branch="true" condition-coverage="100% (2/2)"/>
            <line number="36" hits="10" branch="false"/>
            <line number="40" hits="9" branch="true" condition-coverage="100% (2/2)"/>
            <line number="41" hits="8" branch="false"/>
            <line number="42" hits="8" branch="false"/>
            <line number="43" hits="8" branch="false"/>
            <line number="44" hits="8" branch="false"/>
            <line number="45" hits="8" branch="false"/>
            <line number="46" hits="8" branch="false"/>
            <line number="50" hits="3" branch="true" condition-coverage="100% (2/2)"/>
            <line number="52" hits="2" branch="true" condition-coverage="100% (2/2)"/>
            <line number="53" hits="1" branch="false"/>
            <line number="55" hits="2" branch="false"/>
            <line number="59" hits="3" branch="true" condition-coverage="100% (2/2)"/>
            <line number="61" hits="2" branch="true" condition-coverage="100% (2/2)"/>
            <line number="62" hits="1" branch="false"/>
            <line number="64" hits="2" branch="false"/>
            <line number="68" hits="3" branch="true" condition-coverage="100% (2/2)"/>
            <line number="70" hits="2" branch="true" condition-coverage="100% (2/2)"/>
            <line number="71" hits="1" branch="false"/>
            <line number="73" hits="2" branch="false"/>
            <line number="77" hits="2" branch="true" condition-coverage="100% (2/2)"/>
            <line number="79" hits="1" branch="false"/>
            <line number="80" hits="1" branch="false"/>
            <line number="81" hits="1" branch="false"/>
            <line number="82" hits="1" branch="false"/>
            <line number="83" hits="1" branch="false"/>
          </lines>
        </class>
        <class name="objectives-validation.service.ts" filename="app\services\objectives-validation.service.ts" line-rate="1" branch-rate="1">
          <methods>
            <method name="(anonymous_2)" hits="2" signature="()V">
              <lines>
                <line number="32" hits="2"/>
              </lines>
            </method>
            <method name="(anonymous_3)" hits="3" signature="()V">
              <lines>
                <line number="42" hits="3"/>
              </lines>
            </method>
            <method name="(anonymous_4)" hits="6" signature="()V">
              <lines>
                <line number="53" hits="6"/>
              </lines>
            </method>
            <method name="(anonymous_5)" hits="1" signature="()V">
              <lines>
                <line number="61" hits="1"/>
              </lines>
            </method>
            <method name="(anonymous_6)" hits="1" signature="()V">
              <lines>
                <line number="66" hits="1"/>
              </lines>
            </method>
            <method name="(anonymous_7)" hits="3" signature="()V">
              <lines>
                <line number="70" hits="3"/>
              </lines>
            </method>
            <method name="(anonymous_8)" hits="4" signature="()V">
              <lines>
                <line number="84" hits="4"/>
              </lines>
            </method>
            <method name="(anonymous_9)" hits="3" signature="()V">
              <lines>
                <line number="99" hits="3"/>
              </lines>
            </method>
            <method name="(anonymous_10)" hits="5" signature="()V">
              <lines>
                <line number="114" hits="5"/>
              </lines>
            </method>
            <method name="(anonymous_11)" hits="7" signature="()V">
              <lines>
                <line number="129" hits="7"/>
              </lines>
            </method>
            <method name="(anonymous_12)" hits="2" signature="()V">
              <lines>
                <line number="148" hits="2"/>
              </lines>
            </method>
            <method name="(anonymous_13)" hits="1" signature="()V">
              <lines>
                <line number="156" hits="1"/>
              </lines>
            </method>
            <method name="(anonymous_14)" hits="9" signature="()V">
              <lines>
                <line number="164" hits="9"/>
              </lines>
            </method>
            <method name="(anonymous_15)" hits="2" signature="()V">
              <lines>
                <line number="168" hits="2"/>
              </lines>
            </method>
            <method name="(anonymous_16)" hits="3" signature="()V">
              <lines>
                <line number="172" hits="3"/>
              </lines>
            </method>
            <method name="(anonymous_17)" hits="4" signature="()V">
              <lines>
                <line number="179" hits="4"/>
              </lines>
            </method>
            <method name="(anonymous_18)" hits="2" signature="()V">
              <lines>
                <line number="189" hits="2"/>
              </lines>
            </method>
            <method name="(anonymous_19)" hits="2" signature="()V">
              <lines>
                <line number="197" hits="2"/>
              </lines>
            </method>
            <method name="(anonymous_20)" hits="4" signature="()V">
              <lines>
                <line number="205" hits="4"/>
              </lines>
            </method>
            <method name="(anonymous_21)" hits="6" signature="()V">
              <lines>
                <line number="217" hits="6"/>
              </lines>
            </method>
            <method name="(anonymous_22)" hits="10" signature="()V">
              <lines>
                <line number="225" hits="10"/>
              </lines>
            </method>
            <method name="(anonymous_23)" hits="1" signature="()V">
              <lines>
                <line number="235" hits="1"/>
              </lines>
            </method>
            <method name="(anonymous_24)" hits="1" signature="()V">
              <lines>
                <line number="242" hits="1"/>
              </lines>
            </method>
          </methods>
          <lines>
            <line number="1" hits="1" branch="false"/>
            <line number="2" hits="1" branch="false"/>
            <line number="3" hits="1" branch="false"/>
            <line number="5" hits="1" branch="false"/>
            <line number="8" hits="1" branch="false"/>
            <line number="9" hits="1" branch="false"/>
            <line number="10" hits="1" branch="false"/>
            <line number="11" hits="1" branch="false"/>
            <line number="12" hits="1" branch="false"/>
            <line number="13" hits="1" branch="false"/>
            <line number="18" hits="1" branch="false"/>
            <line number="20" hits="2" branch="false"/>
            <line number="21" hits="2" branch="false"/>
            <line number="22" hits="2" branch="false"/>
            <line number="23" hits="2" branch="false"/>
            <line number="24" hits="2" branch="false"/>
            <line number="25" hits="2" branch="false"/>
            <line number="27" hits="2" branch="false"/>
            <line number="28" hits="2" branch="false"/>
            <line number="29" hits="2" branch="false"/>
            <line number="30" hits="2" branch="false"/>
            <line number="33" hits="2" branch="false"/>
            <line number="34" hits="2" branch="false"/>
            <line number="35" hits="2" branch="false"/>
            <line number="36" hits="2" branch="false"/>
            <line number="37" hits="2" branch="false"/>
            <line number="39" hits="2" branch="false"/>
            <line number="43" hits="3" branch="false"/>
            <line number="53" hits="3" branch="false"/>
            <line number="54" hits="6" branch="false"/>
            <line number="56" hits="3" branch="false"/>
            <line number="57" hits="3" branch="false"/>
            <line number="58" hits="3" branch="false"/>
            <line number="62" hits="1" branch="false"/>
            <line number="63" hits="1" branch="false"/>
            <line number="67" hits="1" branch="false"/>
            <line number="71" hits="3" branch="false"/>
            <line number="72" hits="3" branch="false"/>
            <line number="73" hits="3" branch="false"/>
            <line number="75" hits="3" branch="true" condition-coverage="100% (2/2)"/>
            <line number="76" hits="2" branch="false"/>
            <line number="78" hits="1" branch="false"/>
            <line number="81" hits="3" branch="false"/>
            <line number="85" hits="4" branch="false"/>
            <line number="87" hits="2" branch="true" condition-coverage="100% (1/1)"/>
            <line number="88" hits="2" branch="false"/>
            <line number="90" hits="2" branch="true" condition-coverage="100% (1/1)"/>
            <line number="91" hits="2" branch="false"/>
            <line number="92" hits="2" branch="false"/>
            <line number="93" hits="2" branch="false"/>
            <line number="100" hits="3" branch="false"/>
            <line number="102" hits="2" branch="true" condition-coverage="100% (1/1)"/>
            <line number="103" hits="2" branch="false"/>
            <line number="105" hits="2" branch="true" condition-coverage="100% (1/1)"/>
            <line number="106" hits="2" branch="false"/>
            <line number="107" hits="2" branch="false"/>
            <line number="108" hits="2" branch="false"/>
            <line number="115" hits="5" branch="false"/>
            <line number="117" hits="2" branch="true" condition-coverage="100% (1/1)"/>
            <line number="118" hits="2" branch="false"/>
            <line number="120" hits="2" branch="true" condition-coverage="100% (1/1)"/>
            <line number="121" hits="2" branch="false"/>
            <line number="122" hits="2" branch="false"/>
            <line number="123" hits="2" branch="false"/>
            <line number="130" hits="7" branch="false"/>
            <line number="131" hits="7" branch="false"/>
            <line number="133" hits="7" branch="false"/>
            <line number="134" hits="7" branch="false"/>
            <line number="135" hits="7" branch="true" condition-coverage="100% (2/2)"/>
            <line number="136" hits="2" branch="false"/>
            <line number="137" hits="7" branch="false"/>
            <line number="139" hits="7" branch="false"/>
            <line number="140" hits="7" branch="false"/>
            <line number="142" hits="7" branch="false"/>
            <line number="143" hits="7" branch="false"/>
            <line number="145" hits="7" branch="false"/>
            <line number="149" hits="2" branch="false"/>
            <line number="150" hits="2" branch="false"/>
            <line number="151" hits="3" branch="true" condition-coverage="100% (2/2)"/>
            <line number="153" hits="1" branch="false"/>
            <line number="157" hits="1" branch="false"/>
            <line number="158" hits="1" branch="false"/>
            <line number="159" hits="7" branch="true" condition-coverage="100% (2/2)"/>
            <line number="161" hits="1" branch="false"/>
            <line number="165" hits="9" branch="false"/>
            <line number="169" hits="2" branch="false"/>
            <line number="173" hits="3" branch="false"/>
            <line number="174" hits="13" branch="true" condition-coverage="100% (4/4)"/>
            <line number="176" hits="1" branch="false"/>
            <line number="180" hits="4" branch="true" condition-coverage="100% (2/2)"/>
            <line number="181" hits="2" branch="false"/>
            <line number="182" hits="2" branch="false"/>
            <line number="184" hits="2" branch="false"/>
            <line number="185" hits="2" branch="false"/>
            <line number="190" hits="2" branch="false"/>
            <line number="191" hits="2" branch="false"/>
            <line number="192" hits="2" branch="false"/>
            <line number="193" hits="2" branch="true" condition-coverage="100% (2/2)"/>
            <line number="194" hits="1" branch="false"/>
            <line number="198" hits="2" branch="false"/>
            <line number="199" hits="2" branch="false"/>
            <line number="200" hits="9" branch="true" condition-coverage="100% (2/2)"/>
            <line number="202" hits="2" branch="false"/>
            <line number="206" hits="4" branch="true" condition-coverage="100% (2/2)"/>
            <line number="207" hits="2" branch="true" condition-coverage="100% (2/2)"/>
            <line number="208" hits="1" branch="false"/>
            <line number="209" hits="2" branch="false"/>
            <line number="211" hits="2" branch="true" condition-coverage="100% (2/2)"/>
            <line number="212" hits="1" branch="false"/>
            <line number="213" hits="2" branch="false"/>
            <line number="218" hits="6" branch="false"/>
            <line number="219" hits="6" branch="false"/>
            <line number="220" hits="6" branch="true" condition-coverage="100% (2/2)"/>
            <line number="222" hits="3" branch="false"/>
            <line number="226" hits="10" branch="true" condition-coverage="100% (2/2)"/>
            <line number="227" hits="3" branch="false"/>
            <line number="228" hits="3" branch="false"/>
            <line number="230" hits="7" branch="false"/>
            <line number="231" hits="7" branch="false"/>
            <line number="236" hits="1" branch="false"/>
            <line number="237" hits="1" branch="false"/>
            <line number="238" hits="2" branch="false"/>
            <line number="243" hits="1" branch="false"/>
            <line number="244" hits="15" branch="false"/>
            <line number="245" hits="15" branch="false"/>
            <line number="246" hits="219" branch="false"/>
            <line number="247" hits="219" branch="true" condition-coverage="100% (2/2)"/>
            <line number="248" hits="2" branch="false"/>
            <line number="249" hits="2" branch="false"/>
            <line number="250" hits="8" branch="false"/>
            <line number="251" hits="8" branch="true" condition-coverage="100% (2/2)"/>
            <line number="252" hits="6" branch="false"/>
            <line number="253" hits="6" branch="false"/>
            <line number="255" hits="2" branch="true" condition-coverage="100% (2/2)"/>
            <line number="256" hits="2" branch="false"/>
            <line number="258" hits="217" branch="false"/>
          </lines>
        </class>
        <class name="placement-validation.service.ts" filename="app\services\placement-validation.service.ts" line-rate="1" branch-rate="1">
          <methods>
            <method name="(anonymous_2)" hits="2" signature="()V">
              <lines>
                <line number="20" hits="2"/>
              </lines>
            </method>
            <method name="(anonymous_3)" hits="7" signature="()V">
              <lines>
                <line number="26" hits="7"/>
              </lines>
            </method>
            <method name="(anonymous_4)" hits="8" signature="()V">
              <lines>
                <line number="32" hits="8"/>
              </lines>
            </method>
            <method name="(anonymous_5)" hits="13" signature="()V">
              <lines>
                <line number="36" hits="13"/>
              </lines>
            </method>
            <method name="(anonymous_6)" hits="7" signature="()V">
              <lines>
                <line number="41" hits="7"/>
              </lines>
            </method>
            <method name="(anonymous_7)" hits="5" signature="()V">
              <lines>
                <line number="52" hits="5"/>
              </lines>
            </method>
            <method name="(anonymous_8)" hits="4" signature="()V">
              <lines>
                <line number="58" hits="4"/>
              </lines>
            </method>
            <method name="(anonymous_9)" hits="5" signature="()V">
              <lines>
                <line number="75" hits="5"/>
              </lines>
            </method>
            <method name="(anonymous_10)" hits="9" signature="()V">
              <lines>
                <line number="93" hits="9"/>
              </lines>
            </method>
            <method name="(anonymous_11)" hits="4" signature="()V">
              <lines>
                <line number="103" hits="4"/>
              </lines>
            </method>
            <method name="(anonymous_12)" hits="7" signature="()V">
              <lines>
                <line number="112" hits="7"/>
              </lines>
            </method>
            <method name="(anonymous_13)" hits="11" signature="()V">
              <lines>
                <line number="126" hits="11"/>
              </lines>
            </method>
            <method name="(anonymous_14)" hits="7" signature="()V">
              <lines>
                <line number="133" hits="7"/>
              </lines>
            </method>
            <method name="(anonymous_15)" hits="12" signature="()V">
              <lines>
                <line number="139" hits="12"/>
              </lines>
            </method>
            <method name="(anonymous_16)" hits="15" signature="()V">
              <lines>
                <line number="146" hits="15"/>
              </lines>
            </method>
            <method name="(anonymous_17)" hits="13" signature="()V">
              <lines>
                <line number="166" hits="13"/>
              </lines>
            </method>
            <method name="(anonymous_18)" hits="37" signature="()V">
              <lines>
                <line number="196" hits="37"/>
              </lines>
            </method>
            <method name="(anonymous_19)" hits="8" signature="()V">
              <lines>
                <line number="211" hits="8"/>
              </lines>
            </method>
          </methods>
          <lines>
            <line number="1" hits="1" branch="false"/>
            <line number="2" hits="1" branch="false"/>
            <line number="3" hits="1" branch="false"/>
            <line number="8" hits="1" branch="false"/>
            <line number="9" hits="1" branch="false"/>
            <line number="10" hits="1" branch="false"/>
            <line number="11" hits="1" branch="false"/>
            <line number="14" hits="1" branch="false"/>
            <line number="21" hits="2" branch="false"/>
            <line number="22" hits="2" branch="false"/>
            <line number="23" hits="2" branch="false"/>
            <line number="27" hits="7" branch="false"/>
            <line number="28" hits="7" branch="false"/>
            <line number="29" hits="7" branch="false"/>
            <line number="33" hits="8" branch="false"/>
            <line number="37" hits="13" branch="false"/>
            <line number="38" hits="13" branch="false"/>
            <line number="42" hits="7" branch="false"/>
            <line number="43" hits="7" branch="true" condition-coverage="100% (2/2)"/>
            <line number="44" hits="4" branch="false"/>
            <line number="45" hits="4" branch="false"/>
            <line number="47" hits="3" branch="false"/>
            <line number="48" hits="3" branch="false"/>
            <line number="53" hits="5" branch="false"/>
            <line number="54" hits="5" branch="true" condition-coverage="100% (2/2)"/>
            <line number="55" hits="3" branch="false"/>
            <line number="59" hits="4" branch="false"/>
            <line number="65" hits="4" branch="false"/>
            <line number="68" hits="4" branch="true" condition-coverage="100% (1/1)"/>
            <line number="69" hits="1" branch="false"/>
            <line number="72" hits="4" branch="false"/>
            <line number="76" hits="5" branch="false"/>
            <line number="77" hits="8" branch="false"/>
            <line number="79" hits="8" branch="true" condition-coverage="100% (1/1)"/>
            <line number="80" hits="8" branch="false"/>
            <line number="85" hits="8" branch="false"/>
            <line number="87" hits="8" branch="false"/>
            <line number="88" hits="8" branch="false"/>
            <line number="94" hits="9" branch="false"/>
            <line number="95" hits="9" branch="false"/>
            <line number="96" hits="7" branch="true" condition-coverage="100% (2/2)"/>
            <line number="97" hits="3" branch="false"/>
            <line number="98" hits="4" branch="false"/>
            <line number="100" hits="9" branch="false"/>
            <line number="104" hits="4" branch="false"/>
            <line number="106" hits="4" branch="true" condition-coverage="100% (1/1)"/>
            <line number="107" hits="4" branch="false"/>
            <line number="108" hits="4" branch="false"/>
            <line number="113" hits="7" branch="false"/>
            <line number="115" hits="7" branch="false"/>
            <line number="116" hits="7" branch="false"/>
            <line number="117" hits="13" branch="true" condition-coverage="100% (2/2)"/>
            <line number="119" hits="6" branch="true" condition-coverage="100% (2/2)"/>
            <line number="120" hits="3" branch="false"/>
            <line number="127" hits="11" branch="false"/>
            <line number="128" hits="11" branch="true" condition-coverage="100% (2/2)"/>
            <line number="129" hits="6" branch="false"/>
            <line number="130" hits="5" branch="false"/>
            <line number="134" hits="7" branch="false"/>
            <line number="135" hits="7" branch="false"/>
            <line number="136" hits="7" branch="true" condition-coverage="100% (2/2)"/>
            <line number="140" hits="12" branch="true" condition-coverage="100% (2/2)"/>
            <line number="141" hits="7" branch="false"/>
            <line number="142" hits="7" branch="false"/>
            <line number="147" hits="15" branch="false"/>
            <line number="148" hits="12" branch="false"/>
            <line number="149" hits="12" branch="false"/>
            <line number="151" hits="12" branch="true" condition-coverage="100% (1/1)"/>
            <line number="153" hits="6" branch="true" condition-coverage="100% (1/1)"/>
            <line number="154" hits="5" branch="false"/>
            <line number="159" hits="5" branch="true" condition-coverage="100% (1/1)"/>
            <line number="163" hits="10" branch="false"/>
            <line number="167" hits="13" branch="false"/>
            <line number="168" hits="13" branch="false"/>
            <line number="169" hits="13" branch="false"/>
            <line number="171" hits="10" branch="true" condition-coverage="100% (1/1)"/>
            <line number="172" hits="5" branch="false"/>
            <line number="175" hits="13" branch="false"/>
            <line number="176" hits="13" branch="false"/>
            <line number="178" hits="13" branch="false"/>
            <line number="179" hits="34" branch="false"/>
            <line number="180" hits="34" branch="true" condition-coverage="100% (2/2)"/>
            <line number="182" hits="20" branch="false"/>
            <line number="183" hits="20" branch="true" condition-coverage="100% (2/2)"/>
            <line number="184" hits="7" branch="false"/>
            <line number="186" hits="21" branch="false"/>
            <line number="189" hits="13" branch="false"/>
            <line number="197" hits="37" branch="false"/>
            <line number="199" hits="37" branch="true" condition-coverage="100% (2/2)"/>
            <line number="200" hits="22" branch="false"/>
            <line number="202" hits="22" branch="true" condition-coverage="100% (3/3)"/>
            <line number="204" hits="15" branch="false"/>
            <line number="206" hits="15" branch="true" condition-coverage="100% (3/3)"/>
            <line number="208" hits="21" branch="false"/>
            <line number="213" hits="8" branch="true" condition-coverage="100% (1/1)"/>
            <line number="214" hits="5" branch="false"/>
            <line number="217" hits="3" branch="false"/>
            <line number="219" hits="3" branch="true" condition-coverage="100% (1/1)"/>
            <line number="220" hits="1" branch="false"/>
          </lines>
        </class>
        <class name="play-area.service.ts" filename="app\services\play-area.service.ts" line-rate="1" branch-rate="1">
          <methods>
            <method name="(anonymous_1)" hits="2" signature="()V">
              <lines>
                <line number="8" hits="2"/>
              </lines>
            </method>
            <method name="(anonymous_2)" hits="62" signature="()V">
              <lines>
                <line number="16" hits="62"/>
              </lines>
            </method>
            <method name="(anonymous_3)" hits="2" signature="()V">
              <lines>
                <line number="20" hits="2"/>
              </lines>
            </method>
            <method name="(anonymous_4)" hits="47" signature="()V">
              <lines>
                <line number="38" hits="47"/>
              </lines>
            </method>
          </methods>
          <lines>
            <line number="1" hits="1" branch="false"/>
            <line number="2" hits="1" branch="false"/>
            <line number="6" hits="1" branch="false"/>
            <line number="8" hits="1" branch="false"/>
            <line number="9" hits="2" branch="false"/>
            <line number="10" hits="2" branch="false"/>
            <line number="13" hits="2" branch="false"/>
            <line number="14" hits="2" branch="false"/>
            <line number="17" hits="62" branch="false"/>
            <line number="21" hits="2" branch="true" condition-coverage="100% (2/2)"/>
            <line number="22" hits="1" branch="false"/>
            <line number="23" hits="61" branch="true" condition-coverage="100% (2/2)"/>
            <line number="25" hits="1" branch="false"/>
            <line number="26" hits="61" branch="false"/>
            <line number="27" hits="61" branch="false"/>
            <line number="28" hits="61" branch="false"/>
            <line number="30" hits="1" branch="false"/>
            <line number="32" hits="1" branch="false"/>
            <line number="33" hits="1" branch="false"/>
            <line number="35" hits="2" branch="false"/>
            <line number="39" hits="47" branch="false"/>
            <line number="40" hits="705" branch="false"/>
            <line number="41" hits="705" branch="false"/>
            <line number="42" hits="10575" branch="false"/>
            <line number="43" hits="559065" branch="true" condition-coverage="100% (2/2)"/>
            <line number="44" hits="559065" branch="true" condition-coverage="100% (2/2)"/>
            <line number="45" hits="556198" branch="false"/>
            <line number="46" hits="556198" branch="false"/>
            <line number="48" hits="2867" branch="true" condition-coverage="100% (2/2)"/>
            <line number="49" hits="1128" branch="false"/>
            <line number="50" hits="1128" branch="false"/>
            <line number="52" hits="1739" branch="true" condition-coverage="100% (2/2)"/>
            <line number="53" hits="752" branch="false"/>
            <line number="54" hits="752" branch="false"/>
            <line number="56" hits="987" branch="true" condition-coverage="100% (2/2)"/>
            <line number="57" hits="564" branch="false"/>
            <line number="58" hits="564" branch="false"/>
            <line number="60" hits="423" branch="true" condition-coverage="100% (2/2)"/>
            <line number="61" hits="376" branch="false"/>
            <line number="62" hits="376" branch="false"/>
            <line number="67" hits="47" branch="false"/>
          </lines>
        </class>
        <class name="player-placement-confirmation.service.ts" filename="app\services\player-placement-confirmation.service.ts" line-rate="1" branch-rate="1">
          <methods>
            <method name="(anonymous_2)" hits="2" signature="()V">
              <lines>
                <line number="20" hits="2"/>
              </lines>
            </method>
            <method name="(anonymous_3)" hits="4" signature="()V">
              <lines>
                <line number="32" hits="4"/>
              </lines>
            </method>
            <method name="(anonymous_4)" hits="4" signature="()V">
              <lines>
                <line number="37" hits="4"/>
              </lines>
            </method>
          </methods>
          <lines>
            <line number="1" hits="1" branch="false"/>
            <line number="3" hits="1" branch="false"/>
            <line number="4" hits="1" branch="false"/>
            <line number="5" hits="1" branch="false"/>
            <line number="6" hits="1" branch="false"/>
            <line number="9" hits="1" branch="false"/>
            <line number="10" hits="1" branch="false"/>
            <line number="11" hits="1" branch="false"/>
            <line number="12" hits="1" branch="false"/>
            <line number="13" hits="1" branch="false"/>
            <line number="14" hits="1" branch="false"/>
            <line number="19" hits="1" branch="false"/>
            <line number="21" hits="2" branch="false"/>
            <line number="22" hits="2" branch="false"/>
            <line number="23" hits="2" branch="false"/>
            <line number="24" hits="2" branch="false"/>
            <line number="25" hits="2" branch="false"/>
            <line number="26" hits="2" branch="false"/>
            <line number="27" hits="2" branch="false"/>
            <line number="28" hits="2" branch="false"/>
            <line number="29" hits="2" branch="false"/>
            <line number="33" hits="4" branch="false"/>
            <line number="34" hits="4" branch="false"/>
            <line number="36" hits="4" branch="true" condition-coverage="100% (1/1)"/>
            <line number="37" hits="4" branch="false"/>
            <line number="38" hits="4" branch="false"/>
            <line number="39" hits="4" branch="true" condition-coverage="100% (2/2)"/>
            <line number="41" hits="1" branch="true" condition-coverage="100% (1/1)"/>
            <line number="42" hits="1" branch="false"/>
            <line number="44" hits="1" branch="false"/>
            <line number="45" hits="1" branch="false"/>
            <line number="46" hits="1" branch="false"/>
            <line number="47" hits="1" branch="false"/>
            <line number="49" hits="1" branch="false"/>
            <line number="50" hits="1" branch="false"/>
            <line number="51" hits="1" branch="false"/>
            <line number="52" hits="1" branch="false"/>
            <line number="53" hits="1" branch="false"/>
            <line number="56" hits="3" branch="true" condition-coverage="100% (1/1)"/>
            <line number="57" hits="3" branch="false"/>
            <line number="58" hits="3" branch="false"/>
            <line number="60" hits="4" branch="false"/>
            <line number="61" hits="4" branch="false"/>
            <line number="62" hits="4" branch="false"/>
            <line number="64" hits="4" branch="false"/>
          </lines>
        </class>
        <class name="player-rack-handler.service.ts" filename="app\services\player-rack-handler.service.ts" line-rate="1" branch-rate="1">
          <methods>
            <method name="(anonymous_2)" hits="2" signature="()V">
              <lines>
                <line number="9" hits="2"/>
              </lines>
            </method>
            <method name="(anonymous_3)" hits="2" signature="()V">
              <lines>
                <line number="13" hits="2"/>
              </lines>
            </method>
            <method name="(anonymous_4)" hits="3" signature="()V">
              <lines>
                <line number="17" hits="3"/>
              </lines>
            </method>
            <method name="(anonymous_5)" hits="5" signature="()V">
              <lines>
                <line number="21" hits="5"/>
              </lines>
            </method>
            <method name="(anonymous_6)" hits="3" signature="()V">
              <lines>
                <line number="32" hits="3"/>
              </lines>
            </method>
            <method name="(anonymous_7)" hits="1" signature="()V">
              <lines>
                <line number="49" hits="1"/>
              </lines>
            </method>
          </methods>
          <lines>
            <line number="2" hits="1" branch="false"/>
            <line number="3" hits="1" branch="false"/>
            <line number="4" hits="1" branch="false"/>
            <line number="5" hits="1" branch="false"/>
            <line number="8" hits="1" branch="false"/>
            <line number="9" hits="2" branch="false"/>
            <line number="10" hits="2" branch="false"/>
            <line number="14" hits="2" branch="false"/>
            <line number="18" hits="3" branch="false"/>
            <line number="22" hits="5" branch="true" condition-coverage="100% (2/2)"/>
            <line number="23" hits="2" branch="false"/>
            <line number="25" hits="3" branch="false"/>
            <line number="26" hits="3" branch="false"/>
            <line number="28" hits="3" branch="true" condition-coverage="100% (1/1)"/>
            <line number="33" hits="3" branch="false"/>
            <line number="34" hits="3" branch="true" condition-coverage="100% (2/2)"/>
            <line number="36" hits="1" branch="true" condition-coverage="100% (1/1)"/>
            <line number="37" hits="1" branch="false"/>
            <line number="41" hits="2" branch="true" condition-coverage="100% (1/1)"/>
            <line number="42" hits="1" branch="false"/>
            <line number="46" hits="1" branch="false"/>
            <line number="50" hits="1" branch="false"/>
          </lines>
        </class>
        <class name="rack-handler.service.ts" filename="app\services\rack-handler.service.ts" line-rate="1" branch-rate="1">
          <methods>
            <method name="(anonymous_2)" hits="3" signature="()V">
              <lines>
                <line number="8" hits="3"/>
              </lines>
            </method>
            <method name="(anonymous_3)" hits="3" signature="()V">
              <lines>
                <line number="10" hits="3"/>
              </lines>
            </method>
            <method name="(anonymous_4)" hits="3" signature="()V">
              <lines>
                <line number="19" hits="3"/>
              </lines>
            </method>
          </methods>
          <lines>
            <line number="1" hits="1" branch="false"/>
            <line number="3" hits="1" branch="false"/>
            <line number="4" hits="1" branch="false"/>
            <line number="7" hits="1" branch="false"/>
            <line number="8" hits="3" branch="false"/>
            <line number="11" hits="3" branch="false"/>
            <line number="12" hits="3" branch="false"/>
            <line number="13" hits="21" branch="false"/>
            <line number="15" hits="21" branch="true" condition-coverage="100% (1/1)"/>
            <line number="20" hits="3" branch="false"/>
            <line number="21" hits="3" branch="true" condition-coverage="100% (2/2)"/>
            <line number="23" hits="1" branch="true" condition-coverage="100% (1/1)"/>
            <line number="24" hits="1" branch="false"/>
            <line number="25" hits="1" branch="false"/>
            <line number="29" hits="2" branch="true" condition-coverage="100% (1/1)"/>
            <line number="30" hits="1" branch="false"/>
            <line number="31" hits="1" branch="false"/>
          </lines>
        </class>
        <class name="room-data.service.ts" filename="app\services\room-data.service.ts" line-rate="1" branch-rate="1">
          <methods>
            <method name="(anonymous_2)" hits="7" signature="()V">
              <lines>
                <line number="20" hits="7"/>
              </lines>
            </method>
            <method name="(anonymous_3)" hits="4" signature="()V">
              <lines>
                <line number="22" hits="4"/>
              </lines>
            </method>
            <method name="(anonymous_4)" hits="5" signature="()V">
              <lines>
                <line number="53" hits="5"/>
              </lines>
            </method>
            <method name="(anonymous_5)" hits="10" signature="()V">
              <lines>
                <line number="64" hits="10"/>
              </lines>
            </method>
            <method name="(anonymous_6)" hits="4" signature="()V">
              <lines>
                <line number="72" hits="4"/>
              </lines>
            </method>
            <method name="(anonymous_7)" hits="3" signature="()V">
              <lines>
                <line number="76" hits="3"/>
              </lines>
            </method>
            <method name="(anonymous_8)" hits="6" signature="()V">
              <lines>
                <line number="84" hits="6"/>
              </lines>
            </method>
            <method name="(anonymous_9)" hits="2" signature="()V">
              <lines>
                <line number="88" hits="2"/>
              </lines>
            </method>
            <method name="(anonymous_10)" hits="9" signature="()V">
              <lines>
                <line number="93" hits="9"/>
              </lines>
            </method>
            <method name="(anonymous_11)" hits="3" signature="()V">
              <lines>
                <line number="99" hits="3"/>
              </lines>
            </method>
            <method name="(anonymous_12)" hits="3" signature="()V">
              <lines>
                <line number="111" hits="3"/>
              </lines>
            </method>
            <method name="(anonymous_13)" hits="3" signature="()V">
              <lines>
                <line number="117" hits="3"/>
              </lines>
            </method>
            <method name="(anonymous_14)" hits="3" signature="()V">
              <lines>
                <line number="126" hits="3"/>
              </lines>
            </method>
          </methods>
          <lines>
            <line number="1" hits="1" branch="false"/>
            <line number="7" hits="1" branch="false"/>
            <line number="8" hits="1" branch="false"/>
            <line number="11" hits="1" branch="false"/>
            <line number="12" hits="7" branch="false"/>
            <line number="13" hits="7" branch="false"/>
            <line number="14" hits="7" branch="false"/>
            <line number="15" hits="7" branch="false"/>
            <line number="16" hits="7" branch="false"/>
            <line number="17" hits="7" branch="false"/>
            <line number="18" hits="7" branch="false"/>
            <line number="20" hits="7" branch="false"/>
            <line number="23" hits="4" branch="false"/>
            <line number="24" hits="4" branch="false"/>
            <line number="25" hits="4" branch="false"/>
            <line number="26" hits="4" branch="true" condition-coverage="100% (2/2)"/>
            <line number="28" hits="4" branch="false"/>
            <line number="29" hits="4" branch="false"/>
            <line number="30" hits="4" branch="false"/>
            <line number="31" hits="4" branch="false"/>
            <line number="33" hits="4" branch="false"/>
            <line number="34" hits="4" branch="false"/>
            <line number="35" hits="4" branch="false"/>
            <line number="36" hits="4" branch="false"/>
            <line number="38" hits="4" branch="false"/>
            <line number="39" hits="4" branch="true" condition-coverage="100% (2/2)"/>
            <line number="40" hits="3" branch="false"/>
            <line number="41" hits="3" branch="false"/>
            <line number="43" hits="1" branch="false"/>
            <line number="44" hits="1" branch="false"/>
            <line number="46" hits="4" branch="false"/>
            <line number="48" hits="4" branch="false"/>
            <line number="50" hits="4" branch="false"/>
            <line number="54" hits="5" branch="false"/>
            <line number="55" hits="5" branch="false"/>
            <line number="56" hits="5" branch="false"/>
            <line number="57" hits="5" branch="false"/>
            <line number="58" hits="5" branch="false"/>
            <line number="59" hits="5" branch="false"/>
            <line number="61" hits="5" branch="true" condition-coverage="100% (2/2)"/>
            <line number="65" hits="10" branch="false"/>
            <line number="66" hits="10" branch="false"/>
            <line number="67" hits="10" branch="false"/>
            <line number="68" hits="10" branch="false"/>
            <line number="69" hits="10" branch="false"/>
            <line number="73" hits="4" branch="false"/>
            <line number="77" hits="3" branch="false"/>
            <line number="78" hits="3" branch="false"/>
            <line number="79" hits="3" branch="false"/>
            <line number="80" hits="3" branch="false"/>
            <line number="81" hits="3" branch="false"/>
            <line number="85" hits="6" branch="true" condition-coverage="100% (2/2)"/>
            <line number="89" hits="2" branch="false"/>
            <line number="90" hits="2" branch="false"/>
            <line number="94" hits="9" branch="false"/>
            <line number="95" hits="72" branch="false"/>
            <line number="100" hits="3" branch="false"/>
            <line number="101" hits="3" branch="false"/>
            <line number="102" hits="3" branch="false"/>
            <line number="103" hits="3" branch="false"/>
            <line number="104" hits="3" branch="false"/>
            <line number="105" hits="3" branch="false"/>
            <line number="106" hits="3" branch="false"/>
            <line number="107" hits="3" branch="false"/>
            <line number="108" hits="3" branch="false"/>
            <line number="112" hits="3" branch="false"/>
            <line number="113" hits="3" branch="false"/>
            <line number="114" hits="3" branch="false"/>
            <line number="118" hits="3" branch="false"/>
            <line number="119" hits="3" branch="false"/>
            <line number="120" hits="1" branch="false"/>
            <line number="122" hits="3" branch="false"/>
            <line number="123" hits="3" branch="false"/>
            <line number="127" hits="3" branch="false"/>
            <line number="128" hits="6" branch="false"/>
            <line number="129" hits="6" branch="false"/>
            <line number="130" hits="4" branch="false"/>
            <line number="132" hits="6" branch="false"/>
            <line number="133" hits="6" branch="false"/>
          </lines>
        </class>
        <class name="room-manager.service.ts" filename="app\services\room-manager.service.ts" line-rate="1" branch-rate="1">
          <methods>
            <method name="(anonymous_2)" hits="1" signature="()V">
              <lines>
                <line number="26" hits="1"/>
              </lines>
            </method>
            <method name="(anonymous_3)" hits="3" signature="()V">
              <lines>
                <line number="28" hits="3"/>
              </lines>
            </method>
            <method name="(anonymous_4)" hits="4" signature="()V">
              <lines>
                <line number="44" hits="4"/>
              </lines>
            </method>
            <method name="(anonymous_5)" hits="4" signature="()V">
              <lines>
                <line number="73" hits="4"/>
              </lines>
            </method>
            <method name="(anonymous_6)" hits="4" signature="()V">
              <lines>
                <line number="104" hits="4"/>
              </lines>
            </method>
            <method name="(anonymous_7)" hits="3" signature="()V">
              <lines>
                <line number="110" hits="3"/>
              </lines>
            </method>
            <method name="(anonymous_8)" hits="3" signature="()V">
              <lines>
                <line number="117" hits="3"/>
              </lines>
            </method>
            <method name="(anonymous_9)" hits="65" signature="()V">
              <lines>
                <line number="128" hits="65"/>
              </lines>
            </method>
            <method name="(anonymous_10)" hits="3" signature="()V">
              <lines>
                <line number="148" hits="3"/>
              </lines>
            </method>
            <method name="(anonymous_11)" hits="8" signature="()V">
              <lines>
                <line number="154" hits="8"/>
              </lines>
            </method>
          </methods>
          <lines>
            <line number="1" hits="1" branch="false"/>
            <line number="5" hits="1" branch="false"/>
            <line number="6" hits="1" branch="false"/>
            <line number="7" hits="1" branch="false"/>
            <line number="8" hits="1" branch="false"/>
            <line number="11" hits="1" branch="false"/>
            <line number="12" hits="1" branch="false"/>
            <line number="19" hits="1" branch="false"/>
            <line number="20" hits="1" branch="false"/>
            <line number="21" hits="1" branch="false"/>
            <line number="22" hits="1" branch="false"/>
            <line number="24" hits="1" branch="false"/>
[...]
            <method name="(anonymous_8)" hits="1" signature="()V">
              <lines>
                <line number="39" hits="1"/>
              </lines>
            </method>
            <method name="(anonymous_9)" hits="3" signature="()V">
              <lines>
                <line number="48" hits="3"/>
              </lines>
            </method>
            <method name="(anonymous_10)" hits="9" signature="()V">
              <lines>
                <line number="52" hits="9"/>
              </lines>
            </method>
            <method name="(anonymous_11)" hits="1" signature="()V">
              <lines>
                <line number="80" hits="1"/>
              </lines>
            </method>
            <method name="(anonymous_12)" hits="2" signature="()V">
              <lines>
                <line number="84" hits="2"/>
              </lines>
            </method>
            <method name="(anonymous_13)" hits="2" signature="()V">
              <lines>
                <line number="90" hits="2"/>
              </lines>
            </method>
            <method name="(anonymous_14)" hits="2" signature="()V">
              <lines>
                <line number="95" hits="2"/>
              </lines>
            </method>
            <method name="(anonymous_15)" hits="2" signature="()V">
              <lines>
                <line number="100" hits="2"/>
              </lines>
            </method>
            <method name="(anonymous_16)" hits="23" signature="()V">
              <lines>
                <line number="104" hits="23"/>
              </lines>
            </method>
            <method name="(anonymous_17)" hits="11" signature="()V">
              <lines>
                <line number="108" hits="11"/>
              </lines>
            </method>
            <method name="(anonymous_18)" hits="325" signature="()V">
              <lines>
                <line number="112" hits="325"/>
              </lines>
            </method>
          </methods>
          <lines>
            <line number="1" hits="1" branch="false"/>
            <line number="2" hits="1" branch="false"/>
            <line number="3" hits="1" branch="false"/>
            <line number="6" hits="1" branch="false"/>
            <line number="7" hits="1" branch="false"/>
            <line number="10" hits="1" branch="false"/>
            <line number="11" hits="2" branch="false"/>
            <line number="14" hits="274" branch="false"/>
            <line number="18" hits="260" branch="true" condition-coverage="100% (2/2)"/>
            <line number="19" hits="22" branch="false"/>
            <line number="23" hits="258" branch="false"/>
            <line number="24" hits="258" branch="false"/>
            <line number="28" hits="8" branch="false"/>
            <line number="32" hits="32" branch="false"/>
            <line number="33" hits="32" branch="false"/>
            <line number="34" hits="32" branch="false"/>
            <line number="35" hits="32" branch="false"/>
            <line number="36" hits="32" branch="false"/>
            <line number="40" hits="1" branch="false"/>
            <line number="44" hits="1" branch="false"/>
            <line number="45" hits="1" branch="false"/>
            <line number="49" hits="11" branch="false"/>
            <line number="53" hits="9" branch="true" condition-coverage="100% (2/2)"/>
            <line number="54" hits="8" branch="false"/>
            <line number="55" hits="8" branch="false"/>
            <line number="57" hits="1" branch="false"/>
            <line number="58" hits="1" branch="false"/>
            <line number="61" hits="2" branch="false"/>
            <line number="62" hits="2" branch="false"/>
            <line number="65" hits="1" branch="false"/>
            <line number="66" hits="1" branch="false"/>
            <line number="69" hits="2" branch="false"/>
            <line number="70" hits="2" branch="false"/>
            <line number="73" hits="2" branch="false"/>
            <line number="75" hits="8" branch="true" condition-coverage="100% (4/4)"/>
            <line number="76" hits="1" branch="false"/>
            <line number="81" hits="2" branch="false"/>
            <line number="85" hits="2" branch="false"/>
            <line number="86" hits="2" branch="false"/>
            <line number="87" hits="2" branch="true" condition-coverage="100% (2/2)"/>
            <line number="91" hits="2" branch="true" condition-coverage="100% (2/2)"/>
            <line number="92" hits="1" branch="false"/>
            <line number="96" hits="2" branch="true" condition-coverage="100% (2/2)"/>
            <line number="97" hits="1" branch="false"/>
            <line number="101" hits="2" branch="true" condition-coverage="100% (2/2)"/>
            <line number="105" hits="23" branch="true" condition-coverage="100% (2/2)"/>
            <line number="109" hits="11" branch="true" condition-coverage="100% (2/2)"/>
            <line number="113" hits="325" branch="true" condition-coverage="100% (2/2)"/>
            <line number="114" hits="275" branch="false"/>
          </lines>
        </class>
        <class name="turn-handler.service.ts" filename="app\services\turn-handler.service.ts" line-rate="1" branch-rate="1">
          <methods>
            <method name="(anonymous_9)" hits="7" signature="()V">
              <lines>
                <line number="25" hits="7"/>
              </lines>
            </method>
            <method name="(anonymous_10)" hits="2" signature="()V">
              <lines>
                <line number="30" hits="2"/>
              </lines>
            </method>
            <method name="(anonymous_11)" hits="1" signature="()V">
              <lines>
                <line number="36" hits="1"/>
              </lines>
            </method>
            <method name="(anonymous_12)" hits="2" signature="()V">
              <lines>
                <line number="42" hits="2"/>
              </lines>
            </method>
            <method name="(anonymous_13)" hits="15" signature="()V">
              <lines>
                <line number="48" hits="15"/>
              </lines>
            </method>
            <method name="(anonymous_14)" hits="16" signature="()V">
              <lines>
                <line number="56" hits="16"/>
              </lines>
            </method>
            <method name="(anonymous_15)" hits="17" signature="()V">
              <lines>
                <line number="73" hits="17"/>
              </lines>
            </method>
            <method name="(anonymous_16)" hits="21" signature="()V">
              <lines>
                <line number="78" hits="21"/>
              </lines>
            </method>
            <method name="(anonymous_17)" hits="62" signature="()V">
              <lines>
                <line number="82" hits="62"/>
              </lines>
            </method>
            <method name="(anonymous_18)" hits="31" signature="()V">
              <lines>
                <line number="98" hits="31"/>
              </lines>
            </method>
            <method name="(anonymous_19)" hits="3" signature="()V">
              <lines>
                <line number="102" hits="3"/>
              </lines>
            </method>
            <method name="(anonymous_20)" hits="3" signature="()V">
              <lines>
                <line number="107" hits="3"/>
              </lines>
            </method>
            <method name="(anonymous_21)" hits="16" signature="()V">
              <lines>
                <line number="113" hits="16"/>
              </lines>
            </method>
            <method name="(anonymous_22)" hits="3" signature="()V">
              <lines>
                <line number="127" hits="3"/>
              </lines>
            </method>
            <method name="(anonymous_23)" hits="6" signature="()V">
              <lines>
                <line number="150" hits="6"/>
              </lines>
            </method>
            <method name="(anonymous_24)" hits="7" signature="()V">
              <lines>
                <line number="179" hits="7"/>
              </lines>
            </method>
            <method name="(anonymous_25)" hits="6" signature="()V">
              <lines>
                <line number="183" hits="6"/>
              </lines>
            </method>
            <method name="(anonymous_27)" hits="2" signature="()V">
              <lines>
                <line number="219" hits="2"/>
              </lines>
            </method>
            <method name="(anonymous_29)" hits="3" signature="()V">
              <lines>
                <line number="230" hits="3"/>
              </lines>
            </method>
            <method name="(anonymous_30)" hits="10" signature="()V">
              <lines>
                <line number="236" hits="10"/>
              </lines>
            </method>
            <method name="(anonymous_31)" hits="7" signature="()V">
              <lines>
                <line number="241" hits="7"/>
              </lines>
            </method>
            <method name="(anonymous_32)" hits="5" signature="()V">
              <lines>
                <line number="249" hits="5"/>
              </lines>
            </method>
          </methods>
          <lines>
            <line number="1" hits="1" branch="false"/>
            <line number="4" hits="1" branch="false"/>
            <line number="5" hits="1" branch="false"/>
            <line number="7" hits="1" branch="false"/>
            <line number="8" hits="1" branch="false"/>
            <line number="9" hits="1" branch="false"/>
            <line number="12" hits="1" branch="false"/>
            <line number="13" hits="7" branch="false"/>
            <line number="15" hits="7" branch="false"/>
            <line number="16" hits="7" branch="false"/>
            <line number="17" hits="7" branch="false"/>
            <line number="19" hits="7" branch="false"/>
            <line number="21" hits="7" branch="false"/>
            <line number="22" hits="7" branch="false"/>
            <line number="23" hits="7" branch="false"/>
            <line number="26" hits="7" branch="false"/>
            <line number="27" hits="7" branch="false"/>
            <line number="28" hits="7" branch="false"/>
            <line number="30" hits="7" branch="false"/>
            <line number="31" hits="2" branch="false"/>
            <line number="32" hits="2" branch="false"/>
            <line number="37" hits="1" branch="false"/>
            <line number="38" hits="1" branch="false"/>
            <line number="39" hits="1" branch="false"/>
            <line number="43" hits="2" branch="false"/>
            <line number="44" hits="2" branch="false"/>
            <line number="45" hits="2" branch="false"/>
            <line number="49" hits="15" branch="true" condition-coverage="100% (2/2)"/>
            <line number="51" hits="14" branch="false"/>
            <line number="52" hits="14" branch="false"/>
            <line number="57" hits="16" branch="false"/>
            <line number="58" hits="16" branch="true" condition-coverage="100% (4/4)"/>
            <line number="59" hits="4" branch="false"/>
            <line number="60" hits="4" branch="false"/>
            <line number="61" hits="4" branch="false"/>
            <line number="62" hits="4" branch="false"/>
            <line number="63" hits="12" branch="true" condition-coverage="100% (4/4)"/>
            <line number="64" hits="2" branch="false"/>
            <line number="65" hits="2" branch="false"/>
            <line number="66" hits="2" branch="false"/>
            <line number="67" hits="2" branch="false"/>
            <line number="70" hits="16" branch="false"/>
            <line number="74" hits="17" branch="false"/>
            <line number="75" hits="17" branch="false"/>
            <line number="79" hits="21" branch="false"/>
            <line number="81" hits="21" branch="false"/>
            <line number="82" hits="21" branch="false"/>
            <line number="83" hits="62" branch="true" condition-coverage="100% (2/2)"/>
            <line number="84" hits="2" branch="false"/>
            <line number="85" hits="2" branch="false"/>
            <line number="86" hits="60" branch="false"/>
            <line number="88" hits="62" branch="true" condition-coverage="100% (4/4)"/>
            <line number="89" hits="1" branch="false"/>
            <line number="90" hits="1" branch="false"/>
            <line number="91" hits="1" branch="false"/>
            <line number="92" hits="1" branch="false"/>
            <line number="93" hits="1" branch="false"/>
            <line number="99" hits="31" branch="false"/>
            <line number="103" hits="3" branch="false"/>
            <line number="104" hits="3" branch="false"/>
            <line number="108" hits="3" branch="false"/>
            <line number="114" hits="16" branch="true" condition-coverage="100% (2/2)"/>
            <line number="115" hits="1" branch="false"/>
            <line number="118" hits="15" branch="true" condition-coverage="100% (1/1)"/>
            <line number="120" hits="1" branch="true" condition-coverage="100% (3/3)"/>
            <line number="121" hits="1" branch="false"/>
            <line number="124" hits="14" branch="false"/>
            <line number="128" hits="3" branch="false"/>
            <line number="129" hits="3" branch="false"/>
            <line number="131" hits="3" branch="false"/>
            <line number="132" hits="3" branch="false"/>
            <line number="135" hits="3" branch="false"/>
            <line number="139" hits="3" branch="false"/>
            <line number="140" hits="3" branch="false"/>
            <line number="141" hits="3" branch="false"/>
            <line number="142" hits="3" branch="false"/>
            <line number="144" hits="3" branch="false"/>
            <line number="145" hits="3" branch="false"/>
            <line number="147" hits="3" branch="false"/>
            <line number="151" hits="6" branch="true" condition-coverage="100% (2/2)"/>
            <line number="152" hits="3" branch="false"/>
            <line number="153" hits="3" branch="false"/>
            <line number="155" hits="3" branch="false"/>
            <line number="157" hits="6" branch="true" condition-coverage="100% (2/2)"/>
            <line number="158" hits="3" branch="false"/>
            <line number="159" hits="3" branch="false"/>
            <line number="161" hits="3" branch="false"/>
            <line number="163" hits="6" branch="true" condition-coverage="100% (4/4)"/>
            <line number="164" hits="2" branch="false"/>
            <line number="165" hits="6" branch="false"/>
            <line number="167" hits="2" branch="false"/>
            <line number="169" hits="6" branch="true" condition-coverage="100% (4/4)"/>
            <line number="170" hits="2" branch="false"/>
            <line number="171" hits="2" branch="false"/>
            <line number="172" hits="6" branch="false"/>
            <line number="174" hits="2" branch="false"/>
            <line number="176" hits="6" branch="false"/>
            <line number="180" hits="7" branch="true" condition-coverage="100% (2/2)"/>
            <line number="181" hits="7" branch="true" condition-coverage="100% (2/2)"/>
            <line number="184" hits="6" branch="true" condition-coverage="100% (2/2)"/>
            <line number="185" hits="3" branch="false"/>
            <line number="197" hits="3" branch="true" condition-coverage="100% (1/1)"/>
            <line number="198" hits="2" branch="false"/>
            <line number="201" hits="3" branch="false"/>
            <line number="213" hits="3" branch="true" condition-coverage="100% (1/1)"/>
            <line number="214" hits="2" branch="false"/>
            <line number="220" hits="2" branch="false"/>
            <line number="221" hits="2" branch="false"/>
            <line number="222" hits="2" branch="false"/>
            <line number="223" hits="2" branch="false"/>
            <line number="224" hits="2" branch="false"/>
            <line number="225" hits="2" branch="false"/>
            <line number="226" hits="2" branch="false"/>
            <line number="227" hits="2" branch="false"/>
            <line number="231" hits="3" branch="false"/>
            <line number="232" hits="3" branch="false"/>
            <line number="233" hits="3" branch="false"/>
            <line number="237" hits="10" branch="false"/>
            <line number="238" hits="10" branch="false"/>
            <line number="242" hits="7" branch="false"/>
            <line number="243" hits="7" branch="false"/>
            <line number="244" hits="17" branch="false"/>
            <line number="246" hits="7" branch="false"/>
            <line number="250" hits="5" branch="true" condition-coverage="100% (2/2)"/>
            <line number="251" hits="3" branch="false"/>
            <line number="252" hits="2" branch="true" condition-coverage="100% (2/2)"/>
            <line number="253" hits="1" branch="false"/>
            <line number="255" hits="1" branch="false"/>
          </lines>
        </class>
        <class name="waiting-games-manager.service.ts" filename="app\services\waiting-games-manager.service.ts" line-rate="1" branch-rate="1">
          <methods>
            <method name="(anonymous_1)" hits="1" signature="()V">
              <lines>
                <line number="9" hits="1"/>
              </lines>
            </method>
            <method name="(anonymous_2)" hits="3" signature="()V">
              <lines>
                <line number="13" hits="3"/>
              </lines>
            </method>
            <method name="(anonymous_3)" hits="15" signature="()V">
              <lines>
                <line number="23" hits="15"/>
              </lines>
            </method>
            <method name="(anonymous_4)" hits="2" signature="()V">
              <lines>
                <line number="37" hits="2"/>
              </lines>
            </method>
            <method name="(anonymous_5)" hits="8" signature="()V">
              <lines>
                <line number="43" hits="8"/>
              </lines>
            </method>
          </methods>
          <lines>
            <line number="4" hits="1" branch="false"/>
            <line number="9" hits="1" branch="false"/>
            <line number="10" hits="1" branch="false"/>
            <line number="11" hits="1" branch="false"/>
            <line number="14" hits="3" branch="true" condition-coverage="100% (2/2)"/>
            <line number="15" hits="2" branch="false"/>
            <line number="17" hits="3" branch="false"/>
            <line number="18" hits="3" branch="false"/>
            <line number="20" hits="3" branch="false"/>
            <line number="24" hits="15" branch="false"/>
            <line number="25" hits="15" branch="true" condition-coverage="100% (2/2)"/>
            <line number="26" hits="3" branch="false"/>
            <line number="27" hits="3" branch="false"/>
            <line number="30" hits="12" branch="false"/>
            <line number="31" hits="6" branch="false"/>
            <line number="34" hits="15" branch="false"/>
            <line number="38" hits="2" branch="false"/>
            <line number="39" hits="2" branch="false"/>
            <line number="40" hits="2" branch="false"/>
            <line number="44" hits="8" branch="false"/>
            <line number="45" hits="8" branch="true" condition-coverage="100% (2/2)"/>
            <line number="46" hits="1" branch="false"/>
            <line number="47" hits="1" branch="false"/>
            <line number="48" hits="7" branch="false"/>
            <line number="50" hits="8" branch="false"/>
            <line number="51" hits="8" branch="false"/>
            <line number="52" hits="8" branch="false"/>
          </lines>
        </class>
      </classes>
    </package>
  </packages>
</coverage>
